{
  "/home/mandi/mandi/e-commerce/src/actions.js": {
    "path": "/home/mandi/mandi/e-commerce/src/actions.js",
    "statementMap": {
      "0": {
        "start": {
          "line": 1,
          "column": 28
        },
        "end": {
          "line": 1,
          "column": 42
        }
      },
      "1": {
        "start": {
          "line": 2,
          "column": 29
        },
        "end": {
          "line": 2,
          "column": 44
        }
      },
      "2": {
        "start": {
          "line": 3,
          "column": 34
        },
        "end": {
          "line": 3,
          "column": 54
        }
      },
      "3": {
        "start": {
          "line": 4,
          "column": 36
        },
        "end": {
          "line": 4,
          "column": 58
        }
      },
      "4": {
        "start": {
          "line": 5,
          "column": 34
        },
        "end": {
          "line": 5,
          "column": 54
        }
      },
      "5": {
        "start": {
          "line": 6,
          "column": 40
        },
        "end": {
          "line": 6,
          "column": 66
        }
      },
      "6": {
        "start": {
          "line": 7,
          "column": 42
        },
        "end": {
          "line": 7,
          "column": 70
        }
      },
      "7": {
        "start": {
          "line": 8,
          "column": 40
        },
        "end": {
          "line": 8,
          "column": 66
        }
      },
      "8": {
        "start": {
          "line": 9,
          "column": 29
        },
        "end": {
          "line": 9,
          "column": 44
        }
      },
      "9": {
        "start": {
          "line": 10,
          "column": 28
        },
        "end": {
          "line": 10,
          "column": 42
        }
      },
      "10": {
        "start": {
          "line": 11,
          "column": 28
        },
        "end": {
          "line": 11,
          "column": 42
        }
      },
      "11": {
        "start": {
          "line": 12,
          "column": 27
        },
        "end": {
          "line": 12,
          "column": 40
        }
      },
      "12": {
        "start": {
          "line": 13,
          "column": 29
        },
        "end": {
          "line": 13,
          "column": 44
        }
      },
      "13": {
        "start": {
          "line": 14,
          "column": 30
        },
        "end": {
          "line": 14,
          "column": 46
        }
      },
      "14": {
        "start": {
          "line": 15,
          "column": 31
        },
        "end": {
          "line": 15,
          "column": 48
        }
      },
      "15": {
        "start": {
          "line": 16,
          "column": 29
        },
        "end": {
          "line": 16,
          "column": 44
        }
      },
      "16": {
        "start": {
          "line": 17,
          "column": 27
        },
        "end": {
          "line": 17,
          "column": 40
        }
      },
      "17": {
        "start": {
          "line": 18,
          "column": 32
        },
        "end": {
          "line": 18,
          "column": 50
        }
      },
      "18": {
        "start": {
          "line": 19,
          "column": 39
        },
        "end": {
          "line": 19,
          "column": 64
        }
      },
      "19": {
        "start": {
          "line": 20,
          "column": 26
        },
        "end": {
          "line": 20,
          "column": 38
        }
      },
      "20": {
        "start": {
          "line": 21,
          "column": 33
        },
        "end": {
          "line": 21,
          "column": 52
        }
      }
    },
    "fnMap": {},
    "branchMap": {},
    "s": {
      "0": 1,
      "1": 1,
      "2": 1,
      "3": 1,
      "4": 1,
      "5": 1,
      "6": 1,
      "7": 1,
      "8": 1,
      "9": 1,
      "10": 1,
      "11": 1,
      "12": 1,
      "13": 1,
      "14": 1,
      "15": 1,
      "16": 1,
      "17": 1,
      "18": 1,
      "19": 1,
      "20": 1
    },
    "f": {},
    "b": {},
    "_coverageSchema": "1a1c01bbd47fc00a2c39e90264f33305004495a9",
    "hash": "e2988ecc0063da3a8ebcdfe8376db9a8abaf17a5"
  },
  "/home/mandi/mandi/e-commerce/src/reducers/products_reducer.js": {
    "path": "/home/mandi/mandi/e-commerce/src/reducers/products_reducer.js",
    "statementMap": {
      "0": {
        "start": {
          "line": 12,
          "column": 25
        },
        "end": {
          "line": 58,
          "column": 1
        }
      },
      "1": {
        "start": {
          "line": 13,
          "column": 2
        },
        "end": {
          "line": 15,
          "column": 3
        }
      },
      "2": {
        "start": {
          "line": 14,
          "column": 4
        },
        "end": {
          "line": 14,
          "column": 45
        }
      },
      "3": {
        "start": {
          "line": 16,
          "column": 2
        },
        "end": {
          "line": 18,
          "column": 3
        }
      },
      "4": {
        "start": {
          "line": 17,
          "column": 4
        },
        "end": {
          "line": 17,
          "column": 46
        }
      },
      "5": {
        "start": {
          "line": 19,
          "column": 2
        },
        "end": {
          "line": 21,
          "column": 3
        }
      },
      "6": {
        "start": {
          "line": 20,
          "column": 4
        },
        "end": {
          "line": 20,
          "column": 48
        }
      },
      "7": {
        "start": {
          "line": 22,
          "column": 2
        },
        "end": {
          "line": 32,
          "column": 3
        }
      },
      "8": {
        "start": {
          "line": 23,
          "column": 30
        },
        "end": {
          "line": 25,
          "column": 5
        }
      },
      "9": {
        "start": {
          "line": 24,
          "column": 19
        },
        "end": {
          "line": 24,
          "column": 44
        }
      },
      "10": {
        "start": {
          "line": 26,
          "column": 4
        },
        "end": {
          "line": 31,
          "column": 6
        }
      },
      "11": {
        "start": {
          "line": 33,
          "column": 2
        },
        "end": {
          "line": 35,
          "column": 3
        }
      },
      "12": {
        "start": {
          "line": 34,
          "column": 4
        },
        "end": {
          "line": 34,
          "column": 71
        }
      },
      "13": {
        "start": {
          "line": 36,
          "column": 2
        },
        "end": {
          "line": 42,
          "column": 3
        }
      },
      "14": {
        "start": {
          "line": 37,
          "column": 4
        },
        "end": {
          "line": 41,
          "column": 6
        }
      },
      "15": {
        "start": {
          "line": 43,
          "column": 2
        },
        "end": {
          "line": 49,
          "column": 3
        }
      },
      "16": {
        "start": {
          "line": 44,
          "column": 4
        },
        "end": {
          "line": 48,
          "column": 6
        }
      },
      "17": {
        "start": {
          "line": 50,
          "column": 2
        },
        "end": {
          "line": 56,
          "column": 3
        }
      },
      "18": {
        "start": {
          "line": 51,
          "column": 4
        },
        "end": {
          "line": 55,
          "column": 6
        }
      },
      "19": {
        "start": {
          "line": 57,
          "column": 2
        },
        "end": {
          "line": 57,
          "column": 64
        }
      }
    },
    "fnMap": {
      "0": {
        "name": "(anonymous_0)",
        "decl": {
          "start": {
            "line": 12,
            "column": 25
          },
          "end": {
            "line": 12,
            "column": 26
          }
        },
        "loc": {
          "start": {
            "line": 12,
            "column": 44
          },
          "end": {
            "line": 58,
            "column": 1
          }
        },
        "line": 12
      },
      "1": {
        "name": "(anonymous_1)",
        "decl": {
          "start": {
            "line": 24,
            "column": 6
          },
          "end": {
            "line": 24,
            "column": 7
          }
        },
        "loc": {
          "start": {
            "line": 24,
            "column": 19
          },
          "end": {
            "line": 24,
            "column": 44
          }
        },
        "line": 24
      }
    },
    "branchMap": {
      "0": {
        "loc": {
          "start": {
            "line": 13,
            "column": 2
          },
          "end": {
            "line": 15,
            "column": 3
          }
        },
        "type": "if",
        "locations": [
          {
            "start": {
              "line": 13,
              "column": 2
            },
            "end": {
              "line": 15,
              "column": 3
            }
          },
          {
            "start": {
              "line": 13,
              "column": 2
            },
            "end": {
              "line": 15,
              "column": 3
            }
          }
        ],
        "line": 13
      },
      "1": {
        "loc": {
          "start": {
            "line": 16,
            "column": 2
          },
          "end": {
            "line": 18,
            "column": 3
          }
        },
        "type": "if",
        "locations": [
          {
            "start": {
              "line": 16,
              "column": 2
            },
            "end": {
              "line": 18,
              "column": 3
            }
          },
          {
            "start": {
              "line": 16,
              "column": 2
            },
            "end": {
              "line": 18,
              "column": 3
            }
          }
        ],
        "line": 16
      },
      "2": {
        "loc": {
          "start": {
            "line": 19,
            "column": 2
          },
          "end": {
            "line": 21,
            "column": 3
          }
        },
        "type": "if",
        "locations": [
          {
            "start": {
              "line": 19,
              "column": 2
            },
            "end": {
              "line": 21,
              "column": 3
            }
          },
          {
            "start": {
              "line": 19,
              "column": 2
            },
            "end": {
              "line": 21,
              "column": 3
            }
          }
        ],
        "line": 19
      },
      "3": {
        "loc": {
          "start": {
            "line": 22,
            "column": 2
          },
          "end": {
            "line": 32,
            "column": 3
          }
        },
        "type": "if",
        "locations": [
          {
            "start": {
              "line": 22,
              "column": 2
            },
            "end": {
              "line": 32,
              "column": 3
            }
          },
          {
            "start": {
              "line": 22,
              "column": 2
            },
            "end": {
              "line": 32,
              "column": 3
            }
          }
        ],
        "line": 22
      },
      "4": {
        "loc": {
          "start": {
            "line": 33,
            "column": 2
          },
          "end": {
            "line": 35,
            "column": 3
          }
        },
        "type": "if",
        "locations": [
          {
            "start": {
              "line": 33,
              "column": 2
            },
            "end": {
              "line": 35,
              "column": 3
            }
          },
          {
            "start": {
              "line": 33,
              "column": 2
            },
            "end": {
              "line": 35,
              "column": 3
            }
          }
        ],
        "line": 33
      },
      "5": {
        "loc": {
          "start": {
            "line": 36,
            "column": 2
          },
          "end": {
            "line": 42,
            "column": 3
          }
        },
        "type": "if",
        "locations": [
          {
            "start": {
              "line": 36,
              "column": 2
            },
            "end": {
              "line": 42,
              "column": 3
            }
          },
          {
            "start": {
              "line": 36,
              "column": 2
            },
            "end": {
              "line": 42,
              "column": 3
            }
          }
        ],
        "line": 36
      },
      "6": {
        "loc": {
          "start": {
            "line": 43,
            "column": 2
          },
          "end": {
            "line": 49,
            "column": 3
          }
        },
        "type": "if",
        "locations": [
          {
            "start": {
              "line": 43,
              "column": 2
            },
            "end": {
              "line": 49,
              "column": 3
            }
          },
          {
            "start": {
              "line": 43,
              "column": 2
            },
            "end": {
              "line": 49,
              "column": 3
            }
          }
        ],
        "line": 43
      },
      "7": {
        "loc": {
          "start": {
            "line": 50,
            "column": 2
          },
          "end": {
            "line": 56,
            "column": 3
          }
        },
        "type": "if",
        "locations": [
          {
            "start": {
              "line": 50,
              "column": 2
            },
            "end": {
              "line": 56,
              "column": 3
            }
          },
          {
            "start": {
              "line": 50,
              "column": 2
            },
            "end": {
              "line": 56,
              "column": 3
            }
          }
        ],
        "line": 50
      }
    },
    "s": {
      "0": 1,
      "1": 1,
      "2": 0,
      "3": 1,
      "4": 0,
      "5": 1,
      "6": 1,
      "7": 0,
      "8": 0,
      "9": 0,
      "10": 0,
      "11": 0,
      "12": 0,
      "13": 0,
      "14": 0,
      "15": 0,
      "16": 0,
      "17": 0,
      "18": 0,
      "19": 0
    },
    "f": {
      "0": 1,
      "1": 0
    },
    "b": {
      "0": [
        0,
        1
      ],
      "1": [
        0,
        1
      ],
      "2": [
        1,
        0
      ],
      "3": [
        0,
        0
      ],
      "4": [
        0,
        0
      ],
      "5": [
        0,
        0
      ],
      "6": [
        0,
        0
      ],
      "7": [
        0,
        0
      ]
    },
    "_coverageSchema": "1a1c01bbd47fc00a2c39e90264f33305004495a9",
    "hash": "d213a35c9fc2e08c1feaf07d2fd17f4f689fd6ef"
  },
  "/home/mandi/mandi/e-commerce/src/utils/constants.js": {
    "path": "/home/mandi/mandi/e-commerce/src/utils/constants.js",
    "statementMap": {
      "0": {
        "start": {
          "line": 3,
          "column": 21
        },
        "end": {
          "line": 19,
          "column": 1
        }
      },
      "1": {
        "start": {
          "line": 21,
          "column": 24
        },
        "end": {
          "line": 43,
          "column": 1
        }
      },
      "2": {
        "start": {
          "line": 45,
          "column": 28
        },
        "end": {
          "line": 45,
          "column": 73
        }
      },
      "3": {
        "start": {
          "line": 47,
          "column": 34
        },
        "end": {
          "line": 47,
          "column": 89
        }
      }
    },
    "fnMap": {},
    "branchMap": {},
    "s": {
      "0": 1,
      "1": 1,
      "2": 1,
      "3": 1
    },
    "f": {},
    "b": {},
    "_coverageSchema": "1a1c01bbd47fc00a2c39e90264f33305004495a9",
    "hash": "e203a1a8bf1b59d6023f2a81e1dbe4bc2b145402"
  },
  "/home/mandi/mandi/e-commerce/src/context/products_context.js": {
    "path": "/home/mandi/mandi/e-commerce/src/context/products_context.js",
    "statementMap": {
      "0": {
        "start": {
          "line": 16,
          "column": 21
        },
        "end": {
          "line": 25,
          "column": 1
        }
      },
      "1": {
        "start": {
          "line": 27,
          "column": 24
        },
        "end": {
          "line": 27,
          "column": 45
        }
      },
      "2": {
        "start": {
          "line": 29,
          "column": 32
        },
        "end": {
          "line": 72,
          "column": 1
        }
      },
      "3": {
        "start": {
          "line": 30,
          "column": 28
        },
        "end": {
          "line": 30,
          "column": 61
        }
      },
      "4": {
        "start": {
          "line": 32,
          "column": 22
        },
        "end": {
          "line": 34,
          "column": 3
        }
      },
      "5": {
        "start": {
          "line": 33,
          "column": 4
        },
        "end": {
          "line": 33,
          "column": 37
        }
      },
      "6": {
        "start": {
          "line": 35,
          "column": 23
        },
        "end": {
          "line": 37,
          "column": 3
        }
      },
      "7": {
        "start": {
          "line": 36,
          "column": 4
        },
        "end": {
          "line": 36,
          "column": 38
        }
      },
      "8": {
        "start": {
          "line": 39,
          "column": 24
        },
        "end": {
          "line": 48,
          "column": 3
        }
      },
      "9": {
        "start": {
          "line": 40,
          "column": 4
        },
        "end": {
          "line": 40,
          "column": 43
        }
      },
      "10": {
        "start": {
          "line": 41,
          "column": 4
        },
        "end": {
          "line": 47,
          "column": 5
        }
      },
      "11": {
        "start": {
          "line": 42,
          "column": 23
        },
        "end": {
          "line": 42,
          "column": 43
        }
      },
      "12": {
        "start": {
          "line": 43,
          "column": 23
        },
        "end": {
          "line": 43,
          "column": 36
        }
      },
      "13": {
        "start": {
          "line": 44,
          "column": 6
        },
        "end": {
          "line": 44,
          "column": 66
        }
      },
      "14": {
        "start": {
          "line": 46,
          "column": 6
        },
        "end": {
          "line": 46,
          "column": 45
        }
      },
      "15": {
        "start": {
          "line": 50,
          "column": 29
        },
        "end": {
          "line": 59,
          "column": 3
        }
      },
      "16": {
        "start": {
          "line": 51,
          "column": 4
        },
        "end": {
          "line": 51,
          "column": 49
        }
      },
      "17": {
        "start": {
          "line": 52,
          "column": 4
        },
        "end": {
          "line": 58,
          "column": 5
        }
      },
      "18": {
        "start": {
          "line": 53,
          "column": 23
        },
        "end": {
          "line": 53,
          "column": 43
        }
      },
      "19": {
        "start": {
          "line": 54,
          "column": 28
        },
        "end": {
          "line": 54,
          "column": 41
        }
      },
      "20": {
        "start": {
          "line": 55,
          "column": 6
        },
        "end": {
          "line": 55,
          "column": 77
        }
      },
      "21": {
        "start": {
          "line": 57,
          "column": 6
        },
        "end": {
          "line": 57,
          "column": 51
        }
      },
      "22": {
        "start": {
          "line": 61,
          "column": 2
        },
        "end": {
          "line": 63,
          "column": 9
        }
      },
      "23": {
        "start": {
          "line": 62,
          "column": 4
        },
        "end": {
          "line": 62,
          "column": 23
        }
      },
      "24": {
        "start": {
          "line": 65,
          "column": 2
        },
        "end": {
          "line": 71,
          "column": 4
        }
      },
      "25": {
        "start": {
          "line": 74,
          "column": 34
        },
        "end": {
          "line": 76,
          "column": 1
        }
      },
      "26": {
        "start": {
          "line": 75,
          "column": 2
        },
        "end": {
          "line": 75,
          "column": 37
        }
      }
    },
    "fnMap": {
      "0": {
        "name": "(anonymous_0)",
        "decl": {
          "start": {
            "line": 29,
            "column": 32
          },
          "end": {
            "line": 29,
            "column": 33
          }
        },
        "loc": {
          "start": {
            "line": 29,
            "column": 50
          },
          "end": {
            "line": 72,
            "column": 1
          }
        },
        "line": 29
      },
      "1": {
        "name": "(anonymous_1)",
        "decl": {
          "start": {
            "line": 32,
            "column": 22
          },
          "end": {
            "line": 32,
            "column": 23
          }
        },
        "loc": {
          "start": {
            "line": 32,
            "column": 28
          },
          "end": {
            "line": 34,
            "column": 3
          }
        },
        "line": 32
      },
      "2": {
        "name": "(anonymous_2)",
        "decl": {
          "start": {
            "line": 35,
            "column": 23
          },
          "end": {
            "line": 35,
            "column": 24
          }
        },
        "loc": {
          "start": {
            "line": 35,
            "column": 29
          },
          "end": {
            "line": 37,
            "column": 3
          }
        },
        "line": 35
      },
      "3": {
        "name": "(anonymous_3)",
        "decl": {
          "start": {
            "line": 39,
            "column": 24
          },
          "end": {
            "line": 39,
            "column": 25
          }
        },
        "loc": {
          "start": {
            "line": 39,
            "column": 39
          },
          "end": {
            "line": 48,
            "column": 3
          }
        },
        "line": 39
      },
      "4": {
        "name": "(anonymous_4)",
        "decl": {
          "start": {
            "line": 50,
            "column": 29
          },
          "end": {
            "line": 50,
            "column": 30
          }
        },
        "loc": {
          "start": {
            "line": 50,
            "column": 44
          },
          "end": {
            "line": 59,
            "column": 3
          }
        },
        "line": 50
      },
      "5": {
        "name": "(anonymous_5)",
        "decl": {
          "start": {
            "line": 61,
            "column": 12
          },
          "end": {
            "line": 61,
            "column": 13
          }
        },
        "loc": {
          "start": {
            "line": 61,
            "column": 18
          },
          "end": {
            "line": 63,
            "column": 3
          }
        },
        "line": 61
      },
      "6": {
        "name": "(anonymous_6)",
        "decl": {
          "start": {
            "line": 74,
            "column": 34
          },
          "end": {
            "line": 74,
            "column": 35
          }
        },
        "loc": {
          "start": {
            "line": 74,
            "column": 40
          },
          "end": {
            "line": 76,
            "column": 1
          }
        },
        "line": 74
      }
    },
    "branchMap": {},
    "s": {
      "0": 1,
      "1": 1,
      "2": 1,
      "3": 2,
      "4": 2,
      "5": 0,
      "6": 2,
      "7": 0,
      "8": 2,
      "9": 1,
      "10": 1,
      "11": 1,
      "12": 0,
      "13": 0,
      "14": 0,
      "15": 2,
      "16": 0,
      "17": 0,
      "18": 0,
      "19": 0,
      "20": 0,
      "21": 0,
      "22": 2,
      "23": 1,
      "24": 2,
      "25": 1,
      "26": 17
    },
    "f": {
      "0": 2,
      "1": 0,
      "2": 0,
      "3": 1,
      "4": 0,
      "5": 1,
      "6": 17
    },
    "b": {},
    "_coverageSchema": "1a1c01bbd47fc00a2c39e90264f33305004495a9",
    "hash": "dc9472a11af8d400c65153dddf65327df72fe30a"
  },
  "/home/mandi/mandi/e-commerce/src/components/Error.js": {
    "path": "/home/mandi/mandi/e-commerce/src/components/Error.js",
    "statementMap": {
      "0": {
        "start": {
          "line": 2,
          "column": 14
        },
        "end": {
          "line": 8,
          "column": 1
        }
      },
      "1": {
        "start": {
          "line": 3,
          "column": 2
        },
        "end": {
          "line": 7,
          "column": 4
        }
      }
    },
    "fnMap": {
      "0": {
        "name": "(anonymous_0)",
        "decl": {
          "start": {
            "line": 2,
            "column": 14
          },
          "end": {
            "line": 2,
            "column": 15
          }
        },
        "loc": {
          "start": {
            "line": 2,
            "column": 20
          },
          "end": {
            "line": 8,
            "column": 1
          }
        },
        "line": 2
      }
    },
    "branchMap": {},
    "s": {
      "0": 1,
      "1": 0
    },
    "f": {
      "0": 0
    },
    "b": {},
    "_coverageSchema": "1a1c01bbd47fc00a2c39e90264f33305004495a9",
    "hash": "1e2c04f0571d6dcd8346f26b1b7a754e62d51b7f"
  },
  "/home/mandi/mandi/e-commerce/src/components/Loading.js": {
    "path": "/home/mandi/mandi/e-commerce/src/components/Loading.js",
    "statementMap": {
      "0": {
        "start": {
          "line": 3,
          "column": 16
        },
        "end": {
          "line": 9,
          "column": 1
        }
      },
      "1": {
        "start": {
          "line": 4,
          "column": 2
        },
        "end": {
          "line": 8,
          "column": 4
        }
      }
    },
    "fnMap": {
      "0": {
        "name": "(anonymous_0)",
        "decl": {
          "start": {
            "line": 3,
            "column": 16
          },
          "end": {
            "line": 3,
            "column": 17
          }
        },
        "loc": {
          "start": {
            "line": 3,
            "column": 22
          },
          "end": {
            "line": 9,
            "column": 1
          }
        },
        "line": 3
      }
    },
    "branchMap": {},
    "s": {
      "0": 1,
      "1": 1
    },
    "f": {
      "0": 1
    },
    "b": {},
    "_coverageSchema": "1a1c01bbd47fc00a2c39e90264f33305004495a9",
    "hash": "4857a94dd9c8480a8d30b54739cfb902c4bb71a5"
  },
  "/home/mandi/mandi/e-commerce/src/utils/helpers.js": {
    "path": "/home/mandi/mandi/e-commerce/src/utils/helpers.js",
    "statementMap": {
      "0": {
        "start": {
          "line": 1,
          "column": 27
        },
        "end": {
          "line": 6,
          "column": 1
        }
      },
      "1": {
        "start": {
          "line": 2,
          "column": 2
        },
        "end": {
          "line": 5,
          "column": 26
        }
      },
      "2": {
        "start": {
          "line": 8,
          "column": 31
        },
        "end": {
          "line": 14,
          "column": 1
        }
      },
      "3": {
        "start": {
          "line": 9,
          "column": 15
        },
        "end": {
          "line": 9,
          "column": 45
        }
      },
      "4": {
        "start": {
          "line": 9,
          "column": 34
        },
        "end": {
          "line": 9,
          "column": 44
        }
      },
      "5": {
        "start": {
          "line": 10,
          "column": 2
        },
        "end": {
          "line": 12,
          "column": 3
        }
      },
      "6": {
        "start": {
          "line": 11,
          "column": 4
        },
        "end": {
          "line": 11,
          "column": 27
        }
      },
      "7": {
        "start": {
          "line": 13,
          "column": 2
        },
        "end": {
          "line": 13,
          "column": 37
        }
      }
    },
    "fnMap": {
      "0": {
        "name": "(anonymous_0)",
        "decl": {
          "start": {
            "line": 1,
            "column": 27
          },
          "end": {
            "line": 1,
            "column": 28
          }
        },
        "loc": {
          "start": {
            "line": 1,
            "column": 39
          },
          "end": {
            "line": 6,
            "column": 1
          }
        },
        "line": 1
      },
      "1": {
        "name": "(anonymous_1)",
        "decl": {
          "start": {
            "line": 8,
            "column": 31
          },
          "end": {
            "line": 8,
            "column": 32
          }
        },
        "loc": {
          "start": {
            "line": 8,
            "column": 47
          },
          "end": {
            "line": 14,
            "column": 1
          }
        },
        "line": 8
      },
      "2": {
        "name": "(anonymous_2)",
        "decl": {
          "start": {
            "line": 9,
            "column": 24
          },
          "end": {
            "line": 9,
            "column": 25
          }
        },
        "loc": {
          "start": {
            "line": 9,
            "column": 34
          },
          "end": {
            "line": 9,
            "column": 44
          }
        },
        "line": 9
      }
    },
    "branchMap": {
      "0": {
        "loc": {
          "start": {
            "line": 10,
            "column": 2
          },
          "end": {
            "line": 12,
            "column": 3
          }
        },
        "type": "if",
        "locations": [
          {
            "start": {
              "line": 10,
              "column": 2
            },
            "end": {
              "line": 12,
              "column": 3
            }
          },
          {
            "start": {
              "line": 10,
              "column": 2
            },
            "end": {
              "line": 12,
              "column": 3
            }
          }
        ],
        "line": 10
      }
    },
    "s": {
      "0": 1,
      "1": 1,
      "2": 1,
      "3": 3,
      "4": 0,
      "5": 3,
      "6": 1,
      "7": 3
    },
    "f": {
      "0": 1,
      "1": 3,
      "2": 0
    },
    "b": {
      "0": [
        1,
        2
      ]
    },
    "_coverageSchema": "1a1c01bbd47fc00a2c39e90264f33305004495a9",
    "hash": "b1ba3b035c1a790478339877174b7d82d4d9a728"
  },
  "/home/mandi/mandi/e-commerce/src/components/Product.js": {
    "path": "/home/mandi/mandi/e-commerce/src/components/Product.js",
    "statementMap": {
      "0": {
        "start": {
          "line": 7,
          "column": 16
        },
        "end": {
          "line": 22,
          "column": 1
        }
      },
      "1": {
        "start": {
          "line": 8,
          "column": 2
        },
        "end": {
          "line": 21,
          "column": 4
        }
      },
      "2": {
        "start": {
          "line": 24,
          "column": 16
        },
        "end": {
          "line": 78,
          "column": 1
        }
      }
    },
    "fnMap": {
      "0": {
        "name": "(anonymous_0)",
        "decl": {
          "start": {
            "line": 7,
            "column": 16
          },
          "end": {
            "line": 7,
            "column": 17
          }
        },
        "loc": {
          "start": {
            "line": 7,
            "column": 48
          },
          "end": {
            "line": 22,
            "column": 1
          }
        },
        "line": 7
      }
    },
    "branchMap": {},
    "s": {
      "0": 1,
      "1": 0,
      "2": 1
    },
    "f": {
      "0": 0
    },
    "b": {},
    "_coverageSchema": "1a1c01bbd47fc00a2c39e90264f33305004495a9",
    "hash": "159023682b84147e0db460ccc1ac93873d46fe21"
  },
  "/home/mandi/mandi/e-commerce/src/components/FeaturedProducts.js": {
    "path": "/home/mandi/mandi/e-commerce/src/components/FeaturedProducts.js",
    "statementMap": {
      "0": {
        "start": {
          "line": 9,
          "column": 25
        },
        "end": {
          "line": 34,
          "column": 1
        }
      },
      "1": {
        "start": {
          "line": 14,
          "column": 6
        },
        "end": {
          "line": 14,
          "column": 26
        }
      },
      "2": {
        "start": {
          "line": 15,
          "column": 2
        },
        "end": {
          "line": 17,
          "column": 3
        }
      },
      "3": {
        "start": {
          "line": 16,
          "column": 4
        },
        "end": {
          "line": 16,
          "column": 23
        }
      },
      "4": {
        "start": {
          "line": 18,
          "column": 2
        },
        "end": {
          "line": 20,
          "column": 3
        }
      },
      "5": {
        "start": {
          "line": 19,
          "column": 4
        },
        "end": {
          "line": 19,
          "column": 21
        }
      },
      "6": {
        "start": {
          "line": 21,
          "column": 2
        },
        "end": {
          "line": 33,
          "column": 4
        }
      },
      "7": {
        "start": {
          "line": 29,
          "column": 10
        },
        "end": {
          "line": 29,
          "column": 59
        }
      },
      "8": {
        "start": {
          "line": 36,
          "column": 16
        },
        "end": {
          "line": 57,
          "column": 1
        }
      }
    },
    "fnMap": {
      "0": {
        "name": "(anonymous_0)",
        "decl": {
          "start": {
            "line": 9,
            "column": 25
          },
          "end": {
            "line": 9,
            "column": 26
          }
        },
        "loc": {
          "start": {
            "line": 9,
            "column": 31
          },
          "end": {
            "line": 34,
            "column": 1
          }
        },
        "line": 9
      },
      "1": {
        "name": "(anonymous_1)",
        "decl": {
          "start": {
            "line": 28,
            "column": 34
          },
          "end": {
            "line": 28,
            "column": 35
          }
        },
        "loc": {
          "start": {
            "line": 28,
            "column": 47
          },
          "end": {
            "line": 30,
            "column": 9
          }
        },
        "line": 28
      }
    },
    "branchMap": {
      "0": {
        "loc": {
          "start": {
            "line": 15,
            "column": 2
          },
          "end": {
            "line": 17,
            "column": 3
          }
        },
        "type": "if",
        "locations": [
          {
            "start": {
              "line": 15,
              "column": 2
            },
            "end": {
              "line": 17,
              "column": 3
            }
          },
          {
            "start": {
              "line": 15,
              "column": 2
            },
            "end": {
              "line": 17,
              "column": 3
            }
          }
        ],
        "line": 15
      },
      "1": {
        "loc": {
          "start": {
            "line": 18,
            "column": 2
          },
          "end": {
            "line": 20,
            "column": 3
          }
        },
        "type": "if",
        "locations": [
          {
            "start": {
              "line": 18,
              "column": 2
            },
            "end": {
              "line": 20,
              "column": 3
            }
          },
          {
            "start": {
              "line": 18,
              "column": 2
            },
            "end": {
              "line": 20,
              "column": 3
            }
          }
        ],
        "line": 18
      }
    },
    "s": {
      "0": 1,
      "1": 2,
      "2": 2,
      "3": 1,
      "4": 1,
      "5": 0,
      "6": 1,
      "7": 0,
      "8": 1
    },
    "f": {
      "0": 2,
      "1": 0
    },
    "b": {
      "0": [
        1,
        1
      ],
      "1": [
        0,
        1
      ]
    },
    "_coverageSchema": "1a1c01bbd47fc00a2c39e90264f33305004495a9",
    "hash": "76f2ed4dfc0d8bf99cd2e85c46607391e52710ee"
  },
  "/home/mandi/mandi/e-commerce/src/reducers/cart_reducer.js": {
    "path": "/home/mandi/mandi/e-commerce/src/reducers/cart_reducer.js",
    "statementMap": {
      "0": {
        "start": {
          "line": 9,
          "column": 21
        },
        "end": {
          "line": 89,
          "column": 1
        }
      },
      "1": {
        "start": {
          "line": 10,
          "column": 2
        },
        "end": {
          "line": 39,
          "column": 3
        }
      },
      "2": {
        "start": {
          "line": 11,
          "column": 43
        },
        "end": {
          "line": 11,
          "column": 57
        }
      },
      "3": {
        "start": {
          "line": 12,
          "column": 21
        },
        "end": {
          "line": 12,
          "column": 64
        }
      },
      "4": {
        "start": {
          "line": 12,
          "column": 44
        },
        "end": {
          "line": 12,
          "column": 63
        }
      },
      "5": {
        "start": {
          "line": 13,
          "column": 4
        },
        "end": {
          "line": 38,
          "column": 5
        }
      },
      "6": {
        "start": {
          "line": 14,
          "column": 23
        },
        "end": {
          "line": 24,
          "column": 8
        }
      },
      "7": {
        "start": {
          "line": 15,
          "column": 8
        },
        "end": {
          "line": 23,
          "column": 9
        }
      },
      "8": {
        "start": {
          "line": 16,
          "column": 26
        },
        "end": {
          "line": 16,
          "column": 50
        }
      },
      "9": {
        "start": {
          "line": 17,
          "column": 10
        },
        "end": {
          "line": 19,
          "column": 11
        }
      },
      "10": {
        "start": {
          "line": 18,
          "column": 12
        },
        "end": {
          "line": 18,
          "column": 37
        }
      },
      "11": {
        "start": {
          "line": 20,
          "column": 10
        },
        "end": {
          "line": 20,
          "column": 52
        }
      },
      "12": {
        "start": {
          "line": 22,
          "column": 10
        },
        "end": {
          "line": 22,
          "column": 26
        }
      },
      "13": {
        "start": {
          "line": 26,
          "column": 6
        },
        "end": {
          "line": 26,
          "column": 42
        }
      },
      "14": {
        "start": {
          "line": 28,
          "column": 22
        },
        "end": {
          "line": 36,
          "column": 7
        }
      },
      "15": {
        "start": {
          "line": 37,
          "column": 6
        },
        "end": {
          "line": 37,
          "column": 58
        }
      },
      "16": {
        "start": {
          "line": 40,
          "column": 2
        },
        "end": {
          "line": 43,
          "column": 3
        }
      },
      "17": {
        "start": {
          "line": 41,
          "column": 21
        },
        "end": {
          "line": 41,
          "column": 76
        }
      },
      "18": {
        "start": {
          "line": 41,
          "column": 49
        },
        "end": {
          "line": 41,
          "column": 75
        }
      },
      "19": {
        "start": {
          "line": 42,
          "column": 4
        },
        "end": {
          "line": 42,
          "column": 40
        }
      },
      "20": {
        "start": {
          "line": 44,
          "column": 2
        },
        "end": {
          "line": 46,
          "column": 3
        }
      },
      "21": {
        "start": {
          "line": 45,
          "column": 4
        },
        "end": {
          "line": 45,
          "column": 34
        }
      },
      "22": {
        "start": {
          "line": 47,
          "column": 2
        },
        "end": {
          "line": 71,
          "column": 3
        }
      },
      "23": {
        "start": {
          "line": 48,
          "column": 26
        },
        "end": {
          "line": 48,
          "column": 40
        }
      },
      "24": {
        "start": {
          "line": 49,
          "column": 21
        },
        "end": {
          "line": 68,
          "column": 6
        }
      },
      "25": {
        "start": {
          "line": 50,
          "column": 6
        },
        "end": {
          "line": 67,
          "column": 7
        }
      },
      "26": {
        "start": {
          "line": 51,
          "column": 8
        },
        "end": {
          "line": 57,
          "column": 9
        }
      },
      "27": {
        "start": {
          "line": 52,
          "column": 26
        },
        "end": {
          "line": 52,
          "column": 41
        }
      },
      "28": {
        "start": {
          "line": 53,
          "column": 10
        },
        "end": {
          "line": 55,
          "column": 11
        }
      },
      "29": {
        "start": {
          "line": 54,
          "column": 12
        },
        "end": {
          "line": 54,
          "column": 33
        }
      },
      "30": {
        "start": {
          "line": 56,
          "column": 10
        },
        "end": {
          "line": 56,
          "column": 48
        }
      },
      "31": {
        "start": {
          "line": 58,
          "column": 8
        },
        "end": {
          "line": 64,
          "column": 9
        }
      },
      "32": {
        "start": {
          "line": 59,
          "column": 26
        },
        "end": {
          "line": 59,
          "column": 41
        }
      },
      "33": {
        "start": {
          "line": 60,
          "column": 10
        },
        "end": {
          "line": 62,
          "column": 11
        }
      },
      "34": {
        "start": {
          "line": 61,
          "column": 12
        },
        "end": {
          "line": 61,
          "column": 26
        }
      },
      "35": {
        "start": {
          "line": 63,
          "column": 10
        },
        "end": {
          "line": 63,
          "column": 48
        }
      },
      "36": {
        "start": {
          "line": 66,
          "column": 8
        },
        "end": {
          "line": 66,
          "column": 20
        }
      },
      "37": {
        "start": {
          "line": 70,
          "column": 4
        },
        "end": {
          "line": 70,
          "column": 40
        }
      },
      "38": {
        "start": {
          "line": 72,
          "column": 2
        },
        "end": {
          "line": 87,
          "column": 3
        }
      },
      "39": {
        "start": {
          "line": 73,
          "column": 42
        },
        "end": {
          "line": 85,
          "column": 5
        }
      },
      "40": {
        "start": {
          "line": 75,
          "column": 34
        },
        "end": {
          "line": 75,
          "column": 42
        }
      },
      "41": {
        "start": {
          "line": 77,
          "column": 8
        },
        "end": {
          "line": 77,
          "column": 36
        }
      },
      "42": {
        "start": {
          "line": 78,
          "column": 8
        },
        "end": {
          "line": 78,
          "column": 45
        }
      },
      "43": {
        "start": {
          "line": 79,
          "column": 8
        },
        "end": {
          "line": 79,
          "column": 21
        }
      },
      "44": {
        "start": {
          "line": 86,
          "column": 4
        },
        "end": {
          "line": 86,
          "column": 51
        }
      },
      "45": {
        "start": {
          "line": 88,
          "column": 2
        },
        "end": {
          "line": 88,
          "column": 64
        }
      }
    },
    "fnMap": {
      "0": {
        "name": "(anonymous_0)",
        "decl": {
          "start": {
            "line": 9,
            "column": 21
          },
          "end": {
            "line": 9,
            "column": 22
          }
        },
        "loc": {
          "start": {
            "line": 9,
            "column": 40
          },
          "end": {
            "line": 89,
            "column": 1
          }
        },
        "line": 9
      },
      "1": {
        "name": "(anonymous_1)",
        "decl": {
          "start": {
            "line": 12,
            "column": 37
          },
          "end": {
            "line": 12,
            "column": 38
          }
        },
        "loc": {
          "start": {
            "line": 12,
            "column": 44
          },
          "end": {
            "line": 12,
            "column": 63
          }
        },
        "line": 12
      },
      "2": {
        "name": "(anonymous_2)",
        "decl": {
          "start": {
            "line": 14,
            "column": 38
          },
          "end": {
            "line": 14,
            "column": 39
          }
        },
        "loc": {
          "start": {
            "line": 14,
            "column": 52
          },
          "end": {
            "line": 24,
            "column": 7
          }
        },
        "line": 14
      },
      "3": {
        "name": "(anonymous_3)",
        "decl": {
          "start": {
            "line": 41,
            "column": 39
          },
          "end": {
            "line": 41,
            "column": 40
          }
        },
        "loc": {
          "start": {
            "line": 41,
            "column": 49
          },
          "end": {
            "line": 41,
            "column": 75
          }
        },
        "line": 41
      },
      "4": {
        "name": "(anonymous_4)",
        "decl": {
          "start": {
            "line": 49,
            "column": 36
          },
          "end": {
            "line": 49,
            "column": 37
          }
        },
        "loc": {
          "start": {
            "line": 49,
            "column": 46
          },
          "end": {
            "line": 68,
            "column": 5
          }
        },
        "line": 49
      },
      "5": {
        "name": "(anonymous_5)",
        "decl": {
          "start": {
            "line": 74,
            "column": 6
          },
          "end": {
            "line": 74,
            "column": 7
          }
        },
        "loc": {
          "start": {
            "line": 74,
            "column": 27
          },
          "end": {
            "line": 80,
            "column": 7
          }
        },
        "line": 74
      }
    },
    "branchMap": {
      "0": {
        "loc": {
          "start": {
            "line": 10,
            "column": 2
          },
          "end": {
            "line": 39,
            "column": 3
          }
        },
        "type": "if",
        "locations": [
          {
            "start": {
              "line": 10,
              "column": 2
            },
            "end": {
              "line": 39,
              "column": 3
            }
          },
          {
            "start": {
              "line": 10,
              "column": 2
            },
            "end": {
              "line": 39,
              "column": 3
            }
          }
        ],
        "line": 10
      },
      "1": {
        "loc": {
          "start": {
            "line": 13,
            "column": 4
          },
          "end": {
            "line": 38,
            "column": 5
          }
        },
        "type": "if",
        "locations": [
          {
            "start": {
              "line": 13,
              "column": 4
            },
            "end": {
              "line": 38,
              "column": 5
            }
          },
          {
            "start": {
              "line": 13,
              "column": 4
            },
            "end": {
              "line": 38,
              "column": 5
            }
          }
        ],
        "line": 13
      },
      "2": {
        "loc": {
          "start": {
            "line": 15,
            "column": 8
          },
          "end": {
            "line": 23,
            "column": 9
          }
        },
        "type": "if",
        "locations": [
          {
            "start": {
              "line": 15,
              "column": 8
            },
            "end": {
              "line": 23,
              "column": 9
            }
          },
          {
            "start": {
              "line": 15,
              "column": 8
            },
            "end": {
              "line": 23,
              "column": 9
            }
          }
        ],
        "line": 15
      },
      "3": {
        "loc": {
          "start": {
            "line": 17,
            "column": 10
          },
          "end": {
            "line": 19,
            "column": 11
          }
        },
        "type": "if",
        "locations": [
          {
            "start": {
              "line": 17,
              "column": 10
            },
            "end": {
              "line": 19,
              "column": 11
            }
          },
          {
            "start": {
              "line": 17,
              "column": 10
            },
            "end": {
              "line": 19,
              "column": 11
            }
          }
        ],
        "line": 17
      },
      "4": {
        "loc": {
          "start": {
            "line": 40,
            "column": 2
          },
          "end": {
            "line": 43,
            "column": 3
          }
        },
        "type": "if",
        "locations": [
          {
            "start": {
              "line": 40,
              "column": 2
            },
            "end": {
              "line": 43,
              "column": 3
            }
          },
          {
            "start": {
              "line": 40,
              "column": 2
            },
            "end": {
              "line": 43,
              "column": 3
            }
          }
        ],
        "line": 40
      },
      "5": {
        "loc": {
          "start": {
            "line": 44,
            "column": 2
          },
          "end": {
            "line": 46,
            "column": 3
          }
        },
        "type": "if",
        "locations": [
          {
            "start": {
              "line": 44,
              "column": 2
            },
            "end": {
              "line": 46,
              "column": 3
            }
          },
          {
            "start": {
              "line": 44,
              "column": 2
            },
            "end": {
              "line": 46,
              "column": 3
            }
          }
        ],
        "line": 44
      },
      "6": {
        "loc": {
          "start": {
            "line": 47,
            "column": 2
          },
          "end": {
            "line": 71,
            "column": 3
          }
        },
        "type": "if",
        "locations": [
          {
            "start": {
              "line": 47,
              "column": 2
            },
            "end": {
              "line": 71,
              "column": 3
            }
          },
          {
            "start": {
              "line": 47,
              "column": 2
            },
            "end": {
              "line": 71,
              "column": 3
            }
          }
        ],
        "line": 47
      },
      "7": {
        "loc": {
          "start": {
            "line": 50,
            "column": 6
          },
          "end": {
            "line": 67,
            "column": 7
          }
        },
        "type": "if",
        "locations": [
          {
            "start": {
              "line": 50,
              "column": 6
            },
            "end": {
              "line": 67,
              "column": 7
            }
          },
          {
            "start": {
              "line": 50,
              "column": 6
            },
            "end": {
              "line": 67,
              "column": 7
            }
          }
        ],
        "line": 50
      },
      "8": {
        "loc": {
          "start": {
            "line": 51,
            "column": 8
          },
          "end": {
            "line": 57,
            "column": 9
          }
        },
        "type": "if",
        "locations": [
          {
            "start": {
              "line": 51,
              "column": 8
            },
            "end": {
              "line": 57,
              "column": 9
            }
          },
          {
            "start": {
              "line": 51,
              "column": 8
            },
            "end": {
              "line": 57,
              "column": 9
            }
          }
        ],
        "line": 51
      },
      "9": {
        "loc": {
          "start": {
            "line": 53,
            "column": 10
          },
          "end": {
            "line": 55,
            "column": 11
          }
        },
        "type": "if",
        "locations": [
          {
            "start": {
              "line": 53,
              "column": 10
            },
            "end": {
              "line": 55,
              "column": 11
            }
          },
          {
            "start": {
              "line": 53,
              "column": 10
            },
            "end": {
              "line": 55,
              "column": 11
            }
          }
        ],
        "line": 53
      },
      "10": {
        "loc": {
          "start": {
            "line": 58,
            "column": 8
          },
          "end": {
            "line": 64,
            "column": 9
          }
        },
        "type": "if",
        "locations": [
          {
            "start": {
              "line": 58,
              "column": 8
            },
            "end": {
              "line": 64,
              "column": 9
            }
          },
          {
            "start": {
              "line": 58,
              "column": 8
            },
            "end": {
              "line": 64,
              "column": 9
            }
          }
        ],
        "line": 58
      },
      "11": {
        "loc": {
          "start": {
            "line": 60,
            "column": 10
          },
          "end": {
            "line": 62,
            "column": 11
          }
        },
        "type": "if",
        "locations": [
          {
            "start": {
              "line": 60,
              "column": 10
            },
            "end": {
              "line": 62,
              "column": 11
            }
          },
          {
            "start": {
              "line": 60,
              "column": 10
            },
            "end": {
              "line": 62,
              "column": 11
            }
          }
        ],
        "line": 60
      },
      "12": {
        "loc": {
          "start": {
            "line": 72,
            "column": 2
          },
          "end": {
            "line": 87,
            "column": 3
          }
        },
        "type": "if",
        "locations": [
          {
            "start": {
              "line": 72,
              "column": 2
            },
            "end": {
              "line": 87,
              "column": 3
            }
          },
          {
            "start": {
              "line": 72,
              "column": 2
            },
            "end": {
              "line": 87,
              "column": 3
            }
          }
        ],
        "line": 72
      }
    },
    "s": {
      "0": 1,
      "1": 1,
      "2": 0,
      "3": 0,
      "4": 0,
      "5": 0,
      "6": 0,
      "7": 0,
      "8": 0,
      "9": 0,
      "10": 0,
      "11": 0,
      "12": 0,
      "13": 0,
      "14": 0,
      "15": 0,
      "16": 1,
      "17": 0,
      "18": 0,
      "19": 0,
      "20": 1,
      "21": 0,
      "22": 1,
      "23": 0,
      "24": 0,
      "25": 0,
      "26": 0,
      "27": 0,
      "28": 0,
      "29": 0,
      "30": 0,
      "31": 0,
      "32": 0,
      "33": 0,
      "34": 0,
      "35": 0,
      "36": 0,
      "37": 0,
      "38": 1,
      "39": 1,
      "40": 0,
      "41": 0,
      "42": 0,
      "43": 0,
      "44": 1,
      "45": 0
    },
    "f": {
      "0": 1,
      "1": 0,
      "2": 0,
      "3": 0,
      "4": 0,
      "5": 0
    },
    "b": {
      "0": [
        0,
        1
      ],
      "1": [
        0,
        0
      ],
      "2": [
        0,
        0
      ],
      "3": [
        0,
        0
      ],
      "4": [
        0,
        1
      ],
      "5": [
        0,
        1
      ],
      "6": [
        0,
        1
      ],
      "7": [
        0,
        0
      ],
      "8": [
        0,
        0
      ],
      "9": [
        0,
        0
      ],
      "10": [
        0,
        0
      ],
      "11": [
        0,
        0
      ],
      "12": [
        1,
        0
      ]
    },
    "_coverageSchema": "1a1c01bbd47fc00a2c39e90264f33305004495a9",
    "hash": "32a683b2e0b6aaa64ad7deab3532f8781ed65a5c"
  },
  "/home/mandi/mandi/e-commerce/src/context/cart_context.js": {
    "path": "/home/mandi/mandi/e-commerce/src/context/cart_context.js",
    "statementMap": {
      "0": {
        "start": {
          "line": 11,
          "column": 24
        },
        "end": {
          "line": 18,
          "column": 1
        }
      },
      "1": {
        "start": {
          "line": 12,
          "column": 13
        },
        "end": {
          "line": 12,
          "column": 41
        }
      },
      "2": {
        "start": {
          "line": 13,
          "column": 2
        },
        "end": {
          "line": 17,
          "column": 3
        }
      },
      "3": {
        "start": {
          "line": 14,
          "column": 4
        },
        "end": {
          "line": 14,
          "column": 52
        }
      },
      "4": {
        "start": {
          "line": 16,
          "column": 4
        },
        "end": {
          "line": 16,
          "column": 14
        }
      },
      "5": {
        "start": {
          "line": 20,
          "column": 21
        },
        "end": {
          "line": 25,
          "column": 1
        }
      },
      "6": {
        "start": {
          "line": 27,
          "column": 20
        },
        "end": {
          "line": 27,
          "column": 41
        }
      },
      "7": {
        "start": {
          "line": 29,
          "column": 28
        },
        "end": {
          "line": 62,
          "column": 1
        }
      },
      "8": {
        "start": {
          "line": 30,
          "column": 28
        },
        "end": {
          "line": 30,
          "column": 61
        }
      },
      "9": {
        "start": {
          "line": 33,
          "column": 20
        },
        "end": {
          "line": 35,
          "column": 3
        }
      },
      "10": {
        "start": {
          "line": 34,
          "column": 4
        },
        "end": {
          "line": 34,
          "column": 77
        }
      },
      "11": {
        "start": {
          "line": 37,
          "column": 21
        },
        "end": {
          "line": 39,
          "column": 3
        }
      },
      "12": {
        "start": {
          "line": 38,
          "column": 4
        },
        "end": {
          "line": 38,
          "column": 54
        }
      },
      "13": {
        "start": {
          "line": 41,
          "column": 23
        },
        "end": {
          "line": 44,
          "column": 3
        }
      },
      "14": {
        "start": {
          "line": 42,
          "column": 4
        },
        "end": {
          "line": 42,
          "column": 27
        }
      },
      "15": {
        "start": {
          "line": 43,
          "column": 4
        },
        "end": {
          "line": 43,
          "column": 72
        }
      },
      "16": {
        "start": {
          "line": 46,
          "column": 20
        },
        "end": {
          "line": 48,
          "column": 3
        }
      },
      "17": {
        "start": {
          "line": 47,
          "column": 4
        },
        "end": {
          "line": 47,
          "column": 35
        }
      },
      "18": {
        "start": {
          "line": 50,
          "column": 2
        },
        "end": {
          "line": 53,
          "column": 19
        }
      },
      "19": {
        "start": {
          "line": 51,
          "column": 4
        },
        "end": {
          "line": 51,
          "column": 42
        }
      },
      "20": {
        "start": {
          "line": 52,
          "column": 4
        },
        "end": {
          "line": 52,
          "column": 61
        }
      },
      "21": {
        "start": {
          "line": 55,
          "column": 2
        },
        "end": {
          "line": 61,
          "column": 4
        }
      },
      "22": {
        "start": {
          "line": 64,
          "column": 30
        },
        "end": {
          "line": 66,
          "column": 1
        }
      },
      "23": {
        "start": {
          "line": 65,
          "column": 2
        },
        "end": {
          "line": 65,
          "column": 33
        }
      }
    },
    "fnMap": {
      "0": {
        "name": "(anonymous_0)",
        "decl": {
          "start": {
            "line": 11,
            "column": 24
          },
          "end": {
            "line": 11,
            "column": 25
          }
        },
        "loc": {
          "start": {
            "line": 11,
            "column": 30
          },
          "end": {
            "line": 18,
            "column": 1
          }
        },
        "line": 11
      },
      "1": {
        "name": "(anonymous_1)",
        "decl": {
          "start": {
            "line": 29,
            "column": 28
          },
          "end": {
            "line": 29,
            "column": 29
          }
        },
        "loc": {
          "start": {
            "line": 29,
            "column": 46
          },
          "end": {
            "line": 62,
            "column": 1
          }
        },
        "line": 29
      },
      "2": {
        "name": "(anonymous_2)",
        "decl": {
          "start": {
            "line": 33,
            "column": 20
          },
          "end": {
            "line": 33,
            "column": 21
          }
        },
        "loc": {
          "start": {
            "line": 33,
            "column": 52
          },
          "end": {
            "line": 35,
            "column": 3
          }
        },
        "line": 33
      },
      "3": {
        "name": "(anonymous_3)",
        "decl": {
          "start": {
            "line": 37,
            "column": 21
          },
          "end": {
            "line": 37,
            "column": 22
          }
        },
        "loc": {
          "start": {
            "line": 37,
            "column": 29
          },
          "end": {
            "line": 39,
            "column": 3
          }
        },
        "line": 37
      },
      "4": {
        "name": "(anonymous_4)",
        "decl": {
          "start": {
            "line": 41,
            "column": 23
          },
          "end": {
            "line": 41,
            "column": 24
          }
        },
        "loc": {
          "start": {
            "line": 41,
            "column": 38
          },
          "end": {
            "line": 44,
            "column": 3
          }
        },
        "line": 41
      },
      "5": {
        "name": "(anonymous_5)",
        "decl": {
          "start": {
            "line": 46,
            "column": 20
          },
          "end": {
            "line": 46,
            "column": 21
          }
        },
        "loc": {
          "start": {
            "line": 46,
            "column": 26
          },
          "end": {
            "line": 48,
            "column": 3
          }
        },
        "line": 46
      },
      "6": {
        "name": "(anonymous_6)",
        "decl": {
          "start": {
            "line": 50,
            "column": 12
          },
          "end": {
            "line": 50,
            "column": 13
          }
        },
        "loc": {
          "start": {
            "line": 50,
            "column": 18
          },
          "end": {
            "line": 53,
            "column": 3
          }
        },
        "line": 50
      },
      "7": {
        "name": "(anonymous_7)",
        "decl": {
          "start": {
            "line": 64,
            "column": 30
          },
          "end": {
            "line": 64,
            "column": 31
          }
        },
        "loc": {
          "start": {
            "line": 64,
            "column": 36
          },
          "end": {
            "line": 66,
            "column": 1
          }
        },
        "line": 64
      }
    },
    "branchMap": {
      "0": {
        "loc": {
          "start": {
            "line": 13,
            "column": 2
          },
          "end": {
            "line": 17,
            "column": 3
          }
        },
        "type": "if",
        "locations": [
          {
            "start": {
              "line": 13,
              "column": 2
            },
            "end": {
              "line": 17,
              "column": 3
            }
          },
          {
            "start": {
              "line": 13,
              "column": 2
            },
            "end": {
              "line": 17,
              "column": 3
            }
          }
        ],
        "line": 13
      }
    },
    "s": {
      "0": 1,
      "1": 1,
      "2": 1,
      "3": 0,
      "4": 1,
      "5": 1,
      "6": 1,
      "7": 1,
      "8": 2,
      "9": 2,
      "10": 0,
      "11": 2,
      "12": 0,
      "13": 2,
      "14": 0,
      "15": 0,
      "16": 2,
      "17": 0,
      "18": 2,
      "19": 1,
      "20": 1,
      "21": 2,
      "22": 1,
      "23": 6
    },
    "f": {
      "0": 1,
      "1": 2,
      "2": 0,
      "3": 0,
      "4": 0,
      "5": 0,
      "6": 1,
      "7": 6
    },
    "b": {
      "0": [
        0,
        1
      ]
    },
    "_coverageSchema": "1a1c01bbd47fc00a2c39e90264f33305004495a9",
    "hash": "ac898633f7d3159132e938ec6e6fc7ae07e72037"
  },
  "/home/mandi/mandi/e-commerce/src/context/user_context.js": {
    "path": "/home/mandi/mandi/e-commerce/src/context/user_context.js",
    "statementMap": {
      "0": {
        "start": {
          "line": 4,
          "column": 20
        },
        "end": {
          "line": 4,
          "column": 41
        }
      },
      "1": {
        "start": {
          "line": 5,
          "column": 28
        },
        "end": {
          "line": 29,
          "column": 1
        }
      },
      "2": {
        "start": {
          "line": 12,
          "column": 6
        },
        "end": {
          "line": 12,
          "column": 16
        }
      },
      "3": {
        "start": {
          "line": 14,
          "column": 30
        },
        "end": {
          "line": 14,
          "column": 44
        }
      },
      "4": {
        "start": {
          "line": 16,
          "column": 2
        },
        "end": {
          "line": 22,
          "column": 24
        }
      },
      "5": {
        "start": {
          "line": 17,
          "column": 4
        },
        "end": {
          "line": 21,
          "column": 5
        }
      },
      "6": {
        "start": {
          "line": 18,
          "column": 6
        },
        "end": {
          "line": 18,
          "column": 22
        }
      },
      "7": {
        "start": {
          "line": 20,
          "column": 6
        },
        "end": {
          "line": 20,
          "column": 23
        }
      },
      "8": {
        "start": {
          "line": 24,
          "column": 2
        },
        "end": {
          "line": 28,
          "column": 4
        }
      },
      "9": {
        "start": {
          "line": 31,
          "column": 30
        },
        "end": {
          "line": 33,
          "column": 1
        }
      },
      "10": {
        "start": {
          "line": 32,
          "column": 2
        },
        "end": {
          "line": 32,
          "column": 33
        }
      }
    },
    "fnMap": {
      "0": {
        "name": "(anonymous_0)",
        "decl": {
          "start": {
            "line": 5,
            "column": 28
          },
          "end": {
            "line": 5,
            "column": 29
          }
        },
        "loc": {
          "start": {
            "line": 5,
            "column": 46
          },
          "end": {
            "line": 29,
            "column": 1
          }
        },
        "line": 5
      },
      "1": {
        "name": "(anonymous_1)",
        "decl": {
          "start": {
            "line": 16,
            "column": 12
          },
          "end": {
            "line": 16,
            "column": 13
          }
        },
        "loc": {
          "start": {
            "line": 16,
            "column": 18
          },
          "end": {
            "line": 22,
            "column": 3
          }
        },
        "line": 16
      },
      "2": {
        "name": "(anonymous_2)",
        "decl": {
          "start": {
            "line": 31,
            "column": 30
          },
          "end": {
            "line": 31,
            "column": 31
          }
        },
        "loc": {
          "start": {
            "line": 31,
            "column": 36
          },
          "end": {
            "line": 33,
            "column": 1
          }
        },
        "line": 31
      }
    },
    "branchMap": {
      "0": {
        "loc": {
          "start": {
            "line": 17,
            "column": 4
          },
          "end": {
            "line": 21,
            "column": 5
          }
        },
        "type": "if",
        "locations": [
          {
            "start": {
              "line": 17,
              "column": 4
            },
            "end": {
              "line": 21,
              "column": 5
            }
          },
          {
            "start": {
              "line": 17,
              "column": 4
            },
            "end": {
              "line": 21,
              "column": 5
            }
          }
        ],
        "line": 17
      }
    },
    "s": {
      "0": 1,
      "1": 1,
      "2": 3,
      "3": 3,
      "4": 3,
      "5": 1,
      "6": 0,
      "7": 1,
      "8": 3,
      "9": 1,
      "10": 12
    },
    "f": {
      "0": 3,
      "1": 1,
      "2": 12
    },
    "b": {
      "0": [
        0,
        1
      ]
    },
    "_coverageSchema": "1a1c01bbd47fc00a2c39e90264f33305004495a9",
    "hash": "b1a8aa2539f9de4be804ebd66b005711d88b4883"
  },
  "/home/mandi/mandi/e-commerce/src/components/CartButtons.js": {
    "path": "/home/mandi/mandi/e-commerce/src/components/CartButtons.js",
    "statementMap": {
      "0": {
        "start": {
          "line": 9,
          "column": 20
        },
        "end": {
          "line": 37,
          "column": 1
        }
      },
      "1": {
        "start": {
          "line": 10,
          "column": 27
        },
        "end": {
          "line": 10,
          "column": 47
        }
      },
      "2": {
        "start": {
          "line": 11,
          "column": 26
        },
        "end": {
          "line": 11,
          "column": 42
        }
      },
      "3": {
        "start": {
          "line": 12,
          "column": 48
        },
        "end": {
          "line": 12,
          "column": 64
        }
      },
      "4": {
        "start": {
          "line": 13,
          "column": 2
        },
        "end": {
          "line": 36,
          "column": 4
        }
      },
      "5": {
        "start": {
          "line": 26,
          "column": 25
        },
        "end": {
          "line": 26,
          "column": 69
        }
      },
      "6": {
        "start": {
          "line": 39,
          "column": 16
        },
        "end": {
          "line": 89,
          "column": 1
        }
      }
    },
    "fnMap": {
      "0": {
        "name": "(anonymous_0)",
        "decl": {
          "start": {
            "line": 9,
            "column": 20
          },
          "end": {
            "line": 9,
            "column": 21
          }
        },
        "loc": {
          "start": {
            "line": 9,
            "column": 26
          },
          "end": {
            "line": 37,
            "column": 1
          }
        },
        "line": 9
      },
      "1": {
        "name": "(anonymous_1)",
        "decl": {
          "start": {
            "line": 26,
            "column": 19
          },
          "end": {
            "line": 26,
            "column": 20
          }
        },
        "loc": {
          "start": {
            "line": 26,
            "column": 25
          },
          "end": {
            "line": 26,
            "column": 69
          }
        },
        "line": 26
      }
    },
    "branchMap": {
      "0": {
        "loc": {
          "start": {
            "line": 22,
            "column": 7
          },
          "end": {
            "line": 34,
            "column": 7
          }
        },
        "type": "cond-expr",
        "locations": [
          {
            "start": {
              "line": 23,
              "column": 8
            },
            "end": {
              "line": 29,
              "column": 17
            }
          },
          {
            "start": {
              "line": 31,
              "column": 8
            },
            "end": {
              "line": 33,
              "column": 17
            }
          }
        ],
        "line": 22
      }
    },
    "s": {
      "0": 1,
      "1": 6,
      "2": 6,
      "3": 6,
      "4": 6,
      "5": 0,
      "6": 1
    },
    "f": {
      "0": 6,
      "1": 0
    },
    "b": {
      "0": [
        0,
        6
      ]
    },
    "_coverageSchema": "1a1c01bbd47fc00a2c39e90264f33305004495a9",
    "hash": "47a31d624e06d59d73e4c79ae033bf66aee44b1e"
  },
  "/home/mandi/mandi/e-commerce/src/components/Navbar.js": {
    "path": "/home/mandi/mandi/e-commerce/src/components/Navbar.js",
    "statementMap": {
      "0": {
        "start": {
          "line": 11,
          "column": 12
        },
        "end": {
          "line": 44,
          "column": 1
        }
      },
      "1": {
        "start": {
          "line": 12,
          "column": 26
        },
        "end": {
          "line": 12,
          "column": 46
        }
      },
      "2": {
        "start": {
          "line": 13,
          "column": 21
        },
        "end": {
          "line": 13,
          "column": 37
        }
      },
      "3": {
        "start": {
          "line": 14,
          "column": 2
        },
        "end": {
          "line": 43,
          "column": 4
        }
      },
      "4": {
        "start": {
          "line": 27,
          "column": 38
        },
        "end": {
          "line": 27,
          "column": 42
        }
      },
      "5": {
        "start": {
          "line": 28,
          "column": 12
        },
        "end": {
          "line": 32,
          "column": 14
        }
      },
      "6": {
        "start": {
          "line": 46,
          "column": 21
        },
        "end": {
          "line": 113,
          "column": 1
        }
      }
    },
    "fnMap": {
      "0": {
        "name": "(anonymous_0)",
        "decl": {
          "start": {
            "line": 11,
            "column": 12
          },
          "end": {
            "line": 11,
            "column": 13
          }
        },
        "loc": {
          "start": {
            "line": 11,
            "column": 18
          },
          "end": {
            "line": 44,
            "column": 1
          }
        },
        "line": 11
      },
      "1": {
        "name": "(anonymous_1)",
        "decl": {
          "start": {
            "line": 26,
            "column": 21
          },
          "end": {
            "line": 26,
            "column": 22
          }
        },
        "loc": {
          "start": {
            "line": 26,
            "column": 31
          },
          "end": {
            "line": 33,
            "column": 11
          }
        },
        "line": 26
      }
    },
    "branchMap": {
      "0": {
        "loc": {
          "start": {
            "line": 34,
            "column": 11
          },
          "end": {
            "line": 38,
            "column": 11
          }
        },
        "type": "binary-expr",
        "locations": [
          {
            "start": {
              "line": 34,
              "column": 11
            },
            "end": {
              "line": 34,
              "column": 17
            }
          },
          {
            "start": {
              "line": 35,
              "column": 12
            },
            "end": {
              "line": 37,
              "column": 17
            }
          }
        ],
        "line": 34
      }
    },
    "s": {
      "0": 1,
      "1": 3,
      "2": 3,
      "3": 3,
      "4": 9,
      "5": 9,
      "6": 1
    },
    "f": {
      "0": 3,
      "1": 9
    },
    "b": {
      "0": [
        3,
        0
      ]
    },
    "_coverageSchema": "1a1c01bbd47fc00a2c39e90264f33305004495a9",
    "hash": "f28498f98b0a1e73823a7ab49749c579ccbd8c8f"
  },
  "/home/mandi/mandi/e-commerce/src/components/Footer.js": {
    "path": "/home/mandi/mandi/e-commerce/src/components/Footer.js",
    "statementMap": {
      "0": {
        "start": {
          "line": 3,
          "column": 15
        },
        "end": {
          "line": 13,
          "column": 1
        }
      },
      "1": {
        "start": {
          "line": 4,
          "column": 2
        },
        "end": {
          "line": 12,
          "column": 4
        }
      },
      "2": {
        "start": {
          "line": 15,
          "column": 16
        },
        "end": {
          "line": 36,
          "column": 1
        }
      }
    },
    "fnMap": {
      "0": {
        "name": "(anonymous_0)",
        "decl": {
          "start": {
            "line": 3,
            "column": 15
          },
          "end": {
            "line": 3,
            "column": 16
          }
        },
        "loc": {
          "start": {
            "line": 3,
            "column": 21
          },
          "end": {
            "line": 13,
            "column": 1
          }
        },
        "line": 3
      }
    },
    "branchMap": {},
    "s": {
      "0": 1,
      "1": 1,
      "2": 1
    },
    "f": {
      "0": 1
    },
    "b": {},
    "_coverageSchema": "1a1c01bbd47fc00a2c39e90264f33305004495a9",
[...]
        "start": {
          "line": 19,
          "column": 18
        },
        "end": {
          "line": 19,
          "column": 30
        }
      },
      "3": {
        "start": {
          "line": 25,
          "column": 6
        },
        "end": {
          "line": 25,
          "column": 26
        }
      },
      "4": {
        "start": {
          "line": 27,
          "column": 2
        },
        "end": {
          "line": 29,
          "column": 11
        }
      },
      "5": {
        "start": {
          "line": 28,
          "column": 4
        },
        "end": {
          "line": 28,
          "column": 38
        }
      },
      "6": {
        "start": {
          "line": 31,
          "column": 2
        },
        "end": {
          "line": 37,
          "column": 14
        }
      },
      "7": {
        "start": {
          "line": 32,
          "column": 4
        },
        "end": {
          "line": 36,
          "column": 5
        }
      },
      "8": {
        "start": {
          "line": 33,
          "column": 6
        },
        "end": {
          "line": 35,
          "column": 15
        }
      },
      "9": {
        "start": {
          "line": 34,
          "column": 8
        },
        "end": {
          "line": 34,
          "column": 26
        }
      },
      "10": {
        "start": {
          "line": 39,
          "column": 2
        },
        "end": {
          "line": 41,
          "column": 3
        }
      },
      "11": {
        "start": {
          "line": 40,
          "column": 4
        },
        "end": {
          "line": 40,
          "column": 23
        }
      },
      "12": {
        "start": {
          "line": 42,
          "column": 2
        },
        "end": {
          "line": 44,
          "column": 3
        }
      },
      "13": {
        "start": {
          "line": 43,
          "column": 4
        },
        "end": {
          "line": 43,
          "column": 21
        }
      },
      "14": {
        "start": {
          "line": 55,
          "column": 6
        },
        "end": {
          "line": 55,
          "column": 13
        }
      },
      "15": {
        "start": {
          "line": 56,
          "column": 2
        },
        "end": {
          "line": 88,
          "column": 4
        }
      },
      "16": {
        "start": {
          "line": 91,
          "column": 16
        },
        "end": {
          "line": 122,
          "column": 1
        }
      }
    },
    "fnMap": {
      "0": {
        "name": "(anonymous_0)",
        "decl": {
          "start": {
            "line": 17,
            "column": 26
          },
          "end": {
            "line": 17,
            "column": 27
          }
        },
        "loc": {
          "start": {
            "line": 17,
            "column": 32
          },
          "end": {
            "line": 89,
            "column": 1
          }
        },
        "line": 17
      },
      "1": {
        "name": "(anonymous_1)",
        "decl": {
          "start": {
            "line": 27,
            "column": 12
          },
          "end": {
            "line": 27,
            "column": 13
          }
        },
        "loc": {
          "start": {
            "line": 27,
            "column": 18
          },
          "end": {
            "line": 29,
            "column": 3
          }
        },
        "line": 27
      },
      "2": {
        "name": "(anonymous_2)",
        "decl": {
          "start": {
            "line": 31,
            "column": 12
          },
          "end": {
            "line": 31,
            "column": 13
          }
        },
        "loc": {
          "start": {
            "line": 31,
            "column": 18
          },
          "end": {
            "line": 37,
            "column": 3
          }
        },
        "line": 31
      },
      "3": {
        "name": "(anonymous_3)",
        "decl": {
          "start": {
            "line": 33,
            "column": 17
          },
          "end": {
            "line": 33,
            "column": 18
          }
        },
        "loc": {
          "start": {
            "line": 33,
            "column": 23
          },
          "end": {
            "line": 35,
            "column": 7
          }
        },
        "line": 33
      }
    },
    "branchMap": {
      "0": {
        "loc": {
          "start": {
            "line": 32,
            "column": 4
          },
          "end": {
            "line": 36,
            "column": 5
          }
        },
        "type": "if",
        "locations": [
          {
            "start": {
              "line": 32,
              "column": 4
            },
            "end": {
              "line": 36,
              "column": 5
            }
          },
          {
            "start": {
              "line": 32,
              "column": 4
            },
            "end": {
              "line": 36,
              "column": 5
            }
          }
        ],
        "line": 32
      },
      "1": {
        "loc": {
          "start": {
            "line": 39,
            "column": 2
          },
          "end": {
            "line": 41,
            "column": 3
          }
        },
        "type": "if",
        "locations": [
          {
            "start": {
              "line": 39,
              "column": 2
            },
            "end": {
              "line": 41,
              "column": 3
            }
          },
          {
            "start": {
              "line": 39,
              "column": 2
            },
            "end": {
              "line": 41,
              "column": 3
            }
          }
        ],
        "line": 39
      },
      "2": {
        "loc": {
          "start": {
            "line": 42,
            "column": 2
          },
          "end": {
            "line": 44,
            "column": 3
          }
        },
        "type": "if",
        "locations": [
          {
            "start": {
              "line": 42,
              "column": 2
            },
            "end": {
              "line": 44,
              "column": 3
            }
          },
          {
            "start": {
              "line": 42,
              "column": 2
            },
            "end": {
              "line": 44,
              "column": 3
            }
          }
        ],
        "line": 42
      },
      "3": {
        "loc": {
          "start": {
            "line": 72,
            "column": 15
          },
          "end": {
            "line": 72,
            "column": 54
          }
        },
        "type": "cond-expr",
        "locations": [
          {
            "start": {
              "line": 72,
              "column": 27
            },
            "end": {
              "line": 72,
              "column": 37
            }
          },
          {
            "start": {
              "line": 72,
              "column": 40
            },
            "end": {
              "line": 72,
              "column": 54
            }
          }
        ],
        "line": 72
      },
      "4": {
        "loc": {
          "start": {
            "line": 83,
            "column": 13
          },
          "end": {
            "line": 83,
            "column": 57
          }
        },
        "type": "binary-expr",
        "locations": [
          {
            "start": {
              "line": 83,
              "column": 13
            },
            "end": {
              "line": 83,
              "column": 22
            }
          },
          {
            "start": {
              "line": 83,
              "column": 26
            },
            "end": {
              "line": 83,
              "column": 57
            }
          }
        ],
        "line": 83
      }
    },
    "s": {
      "0": 1,
      "1": 0,
      "2": 0,
      "3": 0,
      "4": 0,
      "5": 0,
      "6": 0,
      "7": 0,
      "8": 0,
      "9": 0,
      "10": 0,
      "11": 0,
      "12": 0,
      "13": 0,
      "14": 0,
      "15": 0,
      "16": 1
    },
    "f": {
      "0": 0,
      "1": 0,
      "2": 0,
      "3": 0
    },
    "b": {
      "0": [
        0,
        0
      ],
      "1": [
        0,
        0
      ],
      "2": [
        0,
        0
      ],
      "3": [
        0,
        0
      ],
      "4": [
        0,
        0
      ]
    },
    "_coverageSchema": "1a1c01bbd47fc00a2c39e90264f33305004495a9",
    "hash": "765a2f6105e9af47d52ed3560180cc3484e1db83"
  },
  "/home/mandi/mandi/e-commerce/src/pages/AboutPage.js": {
    "path": "/home/mandi/mandi/e-commerce/src/pages/AboutPage.js",
    "statementMap": {
      "0": {
        "start": {
          "line": 6,
          "column": 18
        },
        "end": {
          "line": 32,
          "column": 1
        }
      },
      "1": {
        "start": {
          "line": 7,
          "column": 2
        },
        "end": {
          "line": 31,
          "column": 4
        }
      },
      "2": {
        "start": {
          "line": 34,
          "column": 16
        },
        "end": {
          "line": 60,
          "column": 1
        }
      }
    },
    "fnMap": {
      "0": {
        "name": "(anonymous_0)",
        "decl": {
          "start": {
            "line": 6,
            "column": 18
          },
          "end": {
            "line": 6,
            "column": 19
          }
        },
        "loc": {
          "start": {
            "line": 6,
            "column": 24
          },
          "end": {
            "line": 32,
            "column": 1
          }
        },
        "line": 6
      }
    },
    "branchMap": {},
    "s": {
      "0": 1,
      "1": 0,
      "2": 1
    },
    "f": {
      "0": 0
    },
    "b": {},
    "_coverageSchema": "1a1c01bbd47fc00a2c39e90264f33305004495a9",
    "hash": "def51a09c440900105edeec3b4682d68f78cd0a0"
  },
  "/home/mandi/mandi/e-commerce/src/pages/CartPage.js": {
    "path": "/home/mandi/mandi/e-commerce/src/pages/CartPage.js",
    "statementMap": {
      "0": {
        "start": {
          "line": 7,
          "column": 17
        },
        "end": {
          "line": 29,
          "column": 1
        }
      },
      "1": {
        "start": {
          "line": 8,
          "column": 19
        },
        "end": {
          "line": 8,
          "column": 35
        }
      },
      "2": {
        "start": {
          "line": 9,
          "column": 2
        },
        "end": {
          "line": 20,
          "column": 3
        }
      },
      "3": {
        "start": {
          "line": 10,
          "column": 4
        },
        "end": {
          "line": 19,
          "column": 6
        }
      },
      "4": {
        "start": {
          "line": 21,
          "column": 2
        },
        "end": {
          "line": 28,
          "column": 4
        }
      },
      "5": {
        "start": {
          "line": 31,
          "column": 16
        },
        "end": {
          "line": 39,
          "column": 1
        }
      }
    },
    "fnMap": {
      "0": {
        "name": "(anonymous_0)",
        "decl": {
          "start": {
            "line": 7,
            "column": 17
          },
          "end": {
            "line": 7,
            "column": 18
          }
        },
        "loc": {
          "start": {
            "line": 7,
            "column": 23
          },
          "end": {
            "line": 29,
            "column": 1
          }
        },
        "line": 7
      }
    },
    "branchMap": {
      "0": {
        "loc": {
          "start": {
            "line": 9,
            "column": 2
          },
          "end": {
            "line": 20,
            "column": 3
          }
        },
        "type": "if",
        "locations": [
          {
            "start": {
              "line": 9,
              "column": 2
            },
            "end": {
              "line": 20,
              "column": 3
            }
          },
          {
            "start": {
              "line": 9,
              "column": 2
            },
            "end": {
              "line": 20,
              "column": 3
            }
          }
        ],
        "line": 9
      }
    },
    "s": {
      "0": 1,
      "1": 0,
      "2": 0,
      "3": 0,
      "4": 0,
      "5": 1
    },
    "f": {
      "0": 0
    },
    "b": {
      "0": [
        0,
        0
      ]
    },
    "_coverageSchema": "1a1c01bbd47fc00a2c39e90264f33305004495a9",
    "hash": "22fd0c1f4b1ed20e52ed877a1417184cc8813185"
  },
  "/home/mandi/mandi/e-commerce/src/pages/ErrorPage.js": {
    "path": "/home/mandi/mandi/e-commerce/src/pages/ErrorPage.js",
    "statementMap": {
      "0": {
        "start": {
          "line": 4,
          "column": 18
        },
        "end": {
          "line": 16,
          "column": 1
        }
      },
      "1": {
        "start": {
          "line": 5,
          "column": 2
        },
        "end": {
          "line": 15,
          "column": 4
        }
      },
      "2": {
        "start": {
          "line": 18,
          "column": 16
        },
        "end": {
          "line": 31,
          "column": 1
        }
      }
    },
    "fnMap": {
      "0": {
        "name": "(anonymous_0)",
        "decl": {
          "start": {
            "line": 4,
            "column": 18
          },
          "end": {
            "line": 4,
            "column": 19
          }
        },
        "loc": {
          "start": {
            "line": 4,
            "column": 24
          },
          "end": {
            "line": 16,
            "column": 1
          }
        },
        "line": 4
      }
    },
    "branchMap": {},
    "s": {
      "0": 1,
      "1": 0,
      "2": 1
    },
    "f": {
      "0": 0
    },
    "b": {},
    "_coverageSchema": "1a1c01bbd47fc00a2c39e90264f33305004495a9",
    "hash": "79fcc9c5e063d1e8c50d616350151099786c13e8"
  },
  "/home/mandi/mandi/e-commerce/src/pages/CheckoutPage.js": {
    "path": "/home/mandi/mandi/e-commerce/src/pages/CheckoutPage.js",
    "statementMap": {
      "0": {
        "start": {
          "line": 4,
          "column": 21
        },
        "end": {
          "line": 13,
          "column": 1
        }
      },
      "1": {
        "start": {
          "line": 5,
          "column": 2
        },
        "end": {
          "line": 12,
          "column": 4
        }
      },
      "2": {
        "start": {
          "line": 14,
          "column": 16
        },
        "end": {
          "line": 14,
          "column": 28
        }
      }
    },
    "fnMap": {
      "0": {
        "name": "(anonymous_0)",
        "decl": {
          "start": {
            "line": 4,
            "column": 21
          },
          "end": {
            "line": 4,
            "column": 22
          }
        },
        "loc": {
          "start": {
            "line": 4,
            "column": 27
          },
          "end": {
            "line": 13,
            "column": 1
          }
        },
        "line": 4
      }
    },
    "branchMap": {},
    "s": {
      "0": 1,
      "1": 0,
      "2": 1
    },
    "f": {
      "0": 0
    },
    "b": {},
    "_coverageSchema": "1a1c01bbd47fc00a2c39e90264f33305004495a9",
    "hash": "a67f3093fa4ea39735d48783e644c0847a47de50"
  },
  "/home/mandi/mandi/e-commerce/src/pages/PrivateRoute.js": {
    "path": "/home/mandi/mandi/e-commerce/src/pages/PrivateRoute.js",
    "statementMap": {
      "0": {
        "start": {
          "line": 5,
          "column": 21
        },
        "end": {
          "line": 15,
          "column": 1
        }
      },
      "1": {
        "start": {
          "line": 6,
          "column": 21
        },
        "end": {
          "line": 6,
          "column": 37
        }
      },
      "2": {
        "start": {
          "line": 7,
          "column": 2
        },
        "end": {
          "line": 14,
          "column": 4
        }
      },
      "3": {
        "start": {
          "line": 11,
          "column": 8
        },
        "end": {
          "line": 11,
          "column": 64
        }
      }
    },
    "fnMap": {
      "0": {
        "name": "(anonymous_0)",
        "decl": {
          "start": {
            "line": 5,
            "column": 21
          },
          "end": {
            "line": 5,
            "column": 22
          }
        },
        "loc": {
          "start": {
            "line": 5,
            "column": 48
          },
          "end": {
            "line": 15,
            "column": 1
          }
        },
        "line": 5
      },
      "1": {
        "name": "(anonymous_1)",
        "decl": {
          "start": {
            "line": 10,
            "column": 14
          },
          "end": {
            "line": 10,
            "column": 15
          }
        },
        "loc": {
          "start": {
            "line": 10,
            "column": 20
          },
          "end": {
            "line": 12,
            "column": 7
          }
        },
        "line": 10
      }
    },
    "branchMap": {
      "0": {
        "loc": {
          "start": {
            "line": 11,
            "column": 15
          },
          "end": {
            "line": 11,
            "column": 63
          }
        },
        "type": "cond-expr",
        "locations": [
          {
            "start": {
              "line": 11,
              "column": 24
            },
            "end": {
              "line": 11,
              "column": 32
            }
          },
          {
            "start": {
              "line": 11,
              "column": 35
            },
            "end": {
              "line": 11,
              "column": 63
            }
          }
        ],
        "line": 11
      }
    },
    "s": {
      "0": 1,
      "1": 0,
      "2": 0,
      "3": 0
    },
    "f": {
      "0": 0,
      "1": 0
    },
    "b": {
      "0": [
        0,
        0
      ]
    },
    "_coverageSchema": "1a1c01bbd47fc00a2c39e90264f33305004495a9",
    "hash": "198ad0e4510f86ef42c052bdcda71ab5629e1ef8"
  },
  "/home/mandi/mandi/e-commerce/src/pages/index.js": {
    "path": "/home/mandi/mandi/e-commerce/src/pages/index.js",
    "statementMap": {},
    "fnMap": {},
    "branchMap": {},
    "s": {},
    "f": {},
    "b": {},
    "_coverageSchema": "1a1c01bbd47fc00a2c39e90264f33305004495a9",
    "hash": "991252fca539b2cd90ff318a0d86f282799f1cd4"
  },
  "/home/mandi/mandi/e-commerce/src/App.js": {
    "path": "/home/mandi/mandi/e-commerce/src/App.js",
    "statementMap": {
      "0": {
        "start": {
          "line": 18,
          "column": 2
        },
        "end": {
          "line": 45,
          "column": 4
        }
      }
    },
    "fnMap": {
      "0": {
        "name": "App",
        "decl": {
          "start": {
            "line": 17,
            "column": 9
          },
          "end": {
            "line": 17,
            "column": 12
          }
        },
        "loc": {
          "start": {
            "line": 17,
            "column": 15
          },
          "end": {
            "line": 46,
            "column": 1
          }
        },
        "line": 17
      }
    },
    "branchMap": {},
    "s": {
      "0": 1
    },
    "f": {
      "0": 1
    },
    "b": {},
    "_coverageSchema": "1a1c01bbd47fc00a2c39e90264f33305004495a9",
    "hash": "5e790614ba13ea8a3880033f89ec0f0c442b9646"
  },
  "/home/mandi/mandi/e-commerce/src/index.js": {
    "path": "/home/mandi/mandi/e-commerce/src/index.js",
    "statementMap": {
      "0": {
        "start": {
          "line": 13,
          "column": 0
        },
        "end": {
          "line": 32,
          "column": 2
        }
      }
    },
    "fnMap": {},
    "branchMap": {},
    "s": {
      "0": 1
    },
    "f": {},
    "b": {},
    "_coverageSchema": "1a1c01bbd47fc00a2c39e90264f33305004495a9",
    "hash": "2662010d47ab2b1a52f502a77c1bad10c85df071"
  }
}